# JRE version: OpenJDK Runtime Environment Temurin-21.0.7+6 (21.0.7+6) (build 21.0.7+6-LTS)
# Java VM: OpenJDK 64-Bit Server VM Temurin-21.0.7+6 (21.0.7+6-LTS, mixed mode, sharing, tiered, compressed oops, compressed class ptrs, parallel gc, windows-amd64)
GC Precious Log:
 CardTable entry size: 512
 CPUs: 12 total, 12 available
 Memory: 16069M
 Large Page Support: Disabled
 NUMA Support: Disabled
 Compressed Oops: Enabled (32-bit)
 Alignments: Space 512K, Generation 512K, Heap 2M
 Heap Min Capacity: 100M
 Heap Initial Capacity: 100M
 Heap Max Capacity: 2G
 Pre-touch: Disabled
 Parallel Workers: 10
Heap:
 PSYoungGen      total 3072K, used 2688K [0x00000000d5580000, 0x00000000d5980000, 0x0000000100000000)
  eden space 2048K, 100% used [0x00000000d5580000,0x00000000d5780000,0x00000000d5780000)
  from space 1024K, 62% used [0x00000000d5880000,0x00000000d59203f0,0x00000000d5980000)
  to   space 1024K, 0% used [0x00000000d5780000,0x00000000d5780000,0x00000000d5880000)
 ParOldGen       total 192512K, used 192214K [0x0000000080000000, 0x000000008bc00000, 0x00000000d5580000)
  object space 192512K, 99% used [0x0000000080000000,0x000000008bbb5a58,0x000000008bc00000)
 Metaspace       used 63411K, committed 64832K, reserved 1114112K
  class space    used 6959K, committed 7616K, reserved 1048576K
GC Heap History (20 events):
Event: 19.106 GC heap before
{Heap before GC invocations=160 (full 3):
 PSYoungGen      total 3072K, used 2577K [0x00000000d5580000, 0x00000000d5980000, 0x0000000100000000)
  eden space 2048K, 100% used [0x00000000d5580000,0x00000000d5780000,0x00000000d5780000)
  from space 1024K, 51% used [0x00000000d5880000,0x00000000d5904518,0x00000000d5980000)
  to   space 1024K, 0% used [0x00000000d5780000,0x00000000d5780000,0x00000000d5880000)
 ParOldGen       total 187904K, used 187653K [0x0000000080000000, 0x000000008b780000, 0x00000000d5580000)
  object space 187904K, 99% used [0x0000000080000000,0x000000008b741620,0x000000008b780000)
 Metaspace       used 62919K, committed 64320K, reserved 1114112K
  class space    used 6885K, committed 7488K, reserved 1048576K
}
Event: 19.108 GC heap after
{Heap after GC invocations=160 (full 3):
 PSYoungGen      total 3072K, used 608K [0x00000000d5580000, 0x00000000d5980000, 0x0000000100000000)
  eden space 2048K, 0% used [0x00000000d5580000,0x00000000d5580000,0x00000000d5780000)
  from space 1024K, 59% used [0x00000000d5780000,0x00000000d58183c0,0x00000000d5880000)
  to   space 1024K, 0% used [0x00000000d5880000,0x00000000d5880000,0x00000000d5980000)
 ParOldGen       total 188416K, used 188095K [0x0000000080000000, 0x000000008b800000, 0x00000000d5580000)
  object space 188416K, 99% used [0x0000000080000000,0x000000008b7afc30,0x000000008b800000)
 Metaspace       used 62919K, committed 64320K, reserved 1114112K
  class space    used 6885K, committed 7488K, reserved 1048576K
}
Event: 19.121 GC heap before
{Heap before GC invocations=161 (full 3):
 PSYoungGen      total 3072K, used 2656K [0x00000000d5580000, 0x00000000d5980000, 0x0000000100000000)
  eden space 2048K, 100% used [0x00000000d5580000,0x00000000d5780000,0x00000000d5780000)
  from space 1024K, 59% used [0x00000000d5780000,0x00000000d58183c0,0x00000000d5880000)
  to   space 1024K, 0% used [0x00000000d5880000,0x00000000d5880000,0x00000000d5980000)
 ParOldGen       total 188416K, used 188095K [0x0000000080000000, 0x000000008b800000, 0x00000000d5580000)
  object space 188416K, 99% used [0x0000000080000000,0x000000008b7afc30,0x000000008b800000)
 Metaspace       used 62973K, committed 64384K, reserved 1114112K
  class space    used 6893K, committed 7488K, reserved 1048576K
}
Event: 19.123 GC heap after
{Heap after GC invocations=161 (full 3):
 PSYoungGen      total 3072K, used 645K [0x00000000d5580000, 0x00000000d5980000, 0x0000000100000000)
  eden space 2048K, 0% used [0x00000000d5580000,0x00000000d5580000,0x00000000d5780000)
  from space 1024K, 63% used [0x00000000d5880000,0x00000000d5921750,0x00000000d5980000)
  to   space 1024K, 0% used [0x00000000d5780000,0x00000000d5780000,0x00000000d5880000)
 ParOldGen       total 188928K, used 188596K [0x0000000080000000, 0x000000008b880000, 0x00000000d5580000)
  object space 188928K, 99% used [0x0000000080000000,0x000000008b82d150,0x000000008b880000)
 Metaspace       used 62973K, committed 64384K, reserved 1114112K
  class space    used 6893K, committed 7488K, reserved 1048576K
}
Event: 19.132 GC heap before
{Heap before GC invocations=162 (full 3):
 PSYoungGen      total 3072K, used 2692K [0x00000000d5580000, 0x00000000d5980000, 0x0000000100000000)
  eden space 2048K, 99% used [0x00000000d5580000,0x00000000d577fb50,0x00000000d5780000)
  from space 1024K, 63% used [0x00000000d5880000,0x00000000d5921750,0x00000000d5980000)
  to   space 1024K, 0% used [0x00000000d5780000,0x00000000d5780000,0x00000000d5880000)
 ParOldGen       total 188928K, used 188596K [0x0000000080000000, 0x000000008b880000, 0x00000000d5580000)
  object space 188928K, 99% used [0x0000000080000000,0x000000008b82d150,0x000000008b880000)
 Metaspace       used 63014K, committed 64448K, reserved 1114112K
  class space    used 6903K, committed 7552K, reserved 1048576K
}
Event: 19.133 GC heap after
{Heap after GC invocations=162 (full 3):
 PSYoungGen      total 3072K, used 590K [0x00000000d5580000, 0x00000000d5980000, 0x0000000100000000)
  eden space 2048K, 0% used [0x00000000d5580000,0x00000000d5580000,0x00000000d5780000)
  from space 1024K, 57% used [0x00000000d5780000,0x00000000d58138b0,0x00000000d5880000)
  to   space 1024K, 0% used [0x00000000d5880000,0x00000000d5880000,0x00000000d5980000)
 ParOldGen       total 189440K, used 189037K [0x0000000080000000, 0x000000008b900000, 0x00000000d5580000)
  object space 189440K, 99% used [0x0000000080000000,0x000000008b89b660,0x000000008b900000)
 Metaspace       used 63014K, committed 64448K, reserved 1114112K
  class space    used 6903K, committed 7552K, reserved 1048576K
}
Event: 19.141 GC heap before
{Heap before GC invocations=163 (full 3):
 PSYoungGen      total 3072K, used 2631K [0x00000000d5580000, 0x00000000d5980000, 0x0000000100000000)
  eden space 2048K, 99% used [0x00000000d5580000,0x00000000d577e4a0,0x00000000d5780000)
  from space 1024K, 57% used [0x00000000d5780000,0x00000000d58138b0,0x00000000d5880000)
  to   space 1024K, 0% used [0x00000000d5880000,0x00000000d5880000,0x00000000d5980000)
 ParOldGen       total 189440K, used 189037K [0x0000000080000000, 0x000000008b900000, 0x00000000d5580000)
  object space 189440K, 99% used [0x0000000080000000,0x000000008b89b660,0x000000008b900000)
 Metaspace       used 63081K, committed 64512K, reserved 1114112K
  class space    used 6907K, committed 7552K, reserved 1048576K
}
Event: 19.145 GC heap after
{Heap after GC invocations=163 (full 3):
 PSYoungGen      total 3072K, used 655K [0x00000000d5580000, 0x00000000d5980000, 0x0000000100000000)
  eden space 2048K, 0% used [0x00000000d5580000,0x00000000d5580000,0x00000000d5780000)
  from space 1024K, 63% used [0x00000000d5880000,0x00000000d5923d08,0x00000000d5980000)
  to   space 1024K, 0% used [0x00000000d5780000,0x00000000d5780000,0x00000000d5880000)
 ParOldGen       total 189952K, used 189496K [0x0000000080000000, 0x000000008b980000, 0x00000000d5580000)
  object space 189952K, 99% used [0x0000000080000000,0x000000008b90e1b8,0x000000008b980000)
 Metaspace       used 63081K, committed 64512K, reserved 1114112K
  class space    used 6907K, committed 7552K, reserved 1048576K
}
Event: 19.155 GC heap before
{Heap before GC invocations=164 (full 3):
 PSYoungGen      total 3072K, used 2703K [0x00000000d5580000, 0x00000000d5980000, 0x0000000100000000)
  eden space 2048K, 100% used [0x00000000d5580000,0x00000000d5780000,0x00000000d5780000)
  from space 1024K, 63% used [0x00000000d5880000,0x00000000d5923d08,0x00000000d5980000)
  to   space 1024K, 0% used [0x00000000d5780000,0x00000000d5780000,0x00000000d5880000)
 ParOldGen       total 189952K, used 189496K [0x0000000080000000, 0x000000008b980000, 0x00000000d5580000)
  object space 189952K, 99% used [0x0000000080000000,0x000000008b90e1b8,0x000000008b980000)
 Metaspace       used 63159K, committed 64576K, reserved 1114112K
  class space    used 6918K, committed 7552K, reserved 1048576K
}
Event: 19.156 GC heap after
{Heap after GC invocations=164 (full 3):
 PSYoungGen      total 3072K, used 544K [0x00000000d5580000, 0x00000000d5980000, 0x0000000100000000)
  eden space 2048K, 0% used [0x00000000d5580000,0x00000000d5580000,0x00000000d5780000)
  from space 1024K, 53% used [0x00000000d5780000,0x00000000d5808000,0x00000000d5880000)
  to   space 1024K, 0% used [0x00000000d5880000,0x00000000d5880000,0x00000000d5980000)
 ParOldGen       total 190464K, used 189958K [0x0000000080000000, 0x000000008ba00000, 0x00000000d5580000)
  object space 190464K, 99% used [0x0000000080000000,0x000000008b981a78,0x000000008ba00000)
 Metaspace       used 63159K, committed 64576K, reserved 1114112K
  class space    used 6918K, committed 7552K, reserved 1048576K
}
Event: 19.164 GC heap before
{Heap before GC invocations=165 (full 3):
 PSYoungGen      total 3072K, used 2592K [0x00000000d5580000, 0x00000000d5980000, 0x0000000100000000)
  eden space 2048K, 100% used [0x00000000d5580000,0x00000000d5780000,0x00000000d5780000)
  from space 1024K, 53% used [0x00000000d5780000,0x00000000d5808000,0x00000000d5880000)
  to   space 1024K, 0% used [0x00000000d5880000,0x00000000d5880000,0x00000000d5980000)
 ParOldGen       total 190464K, used 189958K [0x0000000080000000, 0x000000008ba00000, 0x00000000d5580000)
  object space 190464K, 99% used [0x0000000080000000,0x000000008b981a78,0x000000008ba00000)
 Metaspace       used 63210K, committed 64640K, reserved 1114112K
  class space    used 6926K, committed 7552K, reserved 1048576K
}
Event: 19.165 GC heap after
{Heap after GC invocations=165 (full 3):
 PSYoungGen      total 3072K, used 565K [0x00000000d5580000, 0x00000000d5980000, 0x0000000100000000)
  eden space 2048K, 0% used [0x00000000d5580000,0x00000000d5580000,0x00000000d5780000)
  from space 1024K, 55% used [0x00000000d5880000,0x00000000d590d558,0x00000000d5980000)
  to   space 1024K, 0% used [0x00000000d5780000,0x00000000d5780000,0x00000000d5880000)
 ParOldGen       total 190464K, used 190395K [0x0000000080000000, 0x000000008ba00000, 0x00000000d5580000)
  object space 190464K, 99% used [0x0000000080000000,0x000000008b9eece0,0x000000008ba00000)
 Metaspace       used 63210K, committed 64640K, reserved 1114112K
  class space    used 6926K, committed 7552K, reserved 1048576K
}
Event: 19.173 GC heap before
{Heap before GC invocations=166 (full 3):
 PSYoungGen      total 3072K, used 2613K [0x00000000d5580000, 0x00000000d5980000, 0x0000000100000000)
  eden space 2048K, 100% used [0x00000000d5580000,0x00000000d5780000,0x00000000d5780000)
  from space 1024K, 55% used [0x00000000d5880000,0x00000000d590d558,0x00000000d5980000)
  to   space 1024K, 0% used [0x00000000d5780000,0x00000000d5780000,0x00000000d5880000)
 ParOldGen       total 190464K, used 190395K [0x0000000080000000, 0x000000008ba00000, 0x00000000d5580000)
  object space 190464K, 99% used [0x0000000080000000,0x000000008b9eece0,0x000000008ba00000)
 Metaspace       used 63248K, committed 64640K, reserved 1114112K
  class space    used 6933K, committed 7552K, reserved 1048576K
}
Event: 19.174 GC heap after
{Heap after GC invocations=166 (full 3):
 PSYoungGen      total 3072K, used 608K [0x00000000d5580000, 0x00000000d5980000, 0x0000000100000000)
  eden space 2048K, 0% used [0x00000000d5580000,0x00000000d5580000,0x00000000d5780000)
  from space 1024K, 59% used [0x00000000d5780000,0x00000000d5818000,0x00000000d5880000)
  to   space 1024K, 0% used [0x00000000d5880000,0x00000000d5880000,0x00000000d5980000)
 ParOldGen       total 190976K, used 190840K [0x0000000080000000, 0x000000008ba80000, 0x00000000d5580000)
  object space 190976K, 99% used [0x0000000080000000,0x000000008ba5e3a0,0x000000008ba80000)
 Metaspace       used 63248K, committed 64640K, reserved 1114112K
  class space    used 6933K, committed 7552K, reserved 1048576K
}
Event: 19.183 GC heap before
{Heap before GC invocations=167 (full 3):
 PSYoungGen      total 3072K, used 2656K [0x00000000d5580000, 0x00000000d5980000, 0x0000000100000000)
  eden space 2048K, 100% used [0x00000000d5580000,0x00000000d5780000,0x00000000d5780000)
  from space 1024K, 59% used [0x00000000d5780000,0x00000000d5818000,0x00000000d5880000)
  to   space 1024K, 0% used [0x00000000d5880000,0x00000000d5880000,0x00000000d5980000)
 ParOldGen       total 190976K, used 190840K [0x0000000080000000, 0x000000008ba80000, 0x00000000d5580000)
  object space 190976K, 99% used [0x0000000080000000,0x000000008ba5e3a0,0x000000008ba80000)
 Metaspace       used 63285K, committed 64704K, reserved 1114112K
  class space    used 6941K, committed 7552K, reserved 1048576K
}
Event: 19.185 GC heap after
{Heap after GC invocations=167 (full 3):
 PSYoungGen      total 3072K, used 559K [0x00000000d5580000, 0x00000000d5980000, 0x0000000100000000)
  eden space 2048K, 0% used [0x00000000d5580000,0x00000000d5580000,0x00000000d5780000)
  from space 1024K, 54% used [0x00000000d5880000,0x00000000d590bf20,0x00000000d5980000)
  to   space 1024K, 0% used [0x00000000d5780000,0x00000000d5780000,0x00000000d5880000)
 ParOldGen       total 191488K, used 191289K [0x0000000080000000, 0x000000008bb00000, 0x00000000d5580000)
  object space 191488K, 99% used [0x0000000080000000,0x000000008bace688,0x000000008bb00000)
 Metaspace       used 63285K, committed 64704K, reserved 1114112K
  class space    used 6941K, committed 7552K, reserved 1048576K
}
Event: 19.195 GC heap before
{Heap before GC invocations=168 (full 3):
 PSYoungGen      total 3072K, used 2607K [0x00000000d5580000, 0x00000000d5980000, 0x0000000100000000)
  eden space 2048K, 100% used [0x00000000d5580000,0x00000000d5780000,0x00000000d5780000)
  from space 1024K, 54% used [0x00000000d5880000,0x00000000d590bf20,0x00000000d5980000)
  to   space 1024K, 0% used [0x00000000d5780000,0x00000000d5780000,0x00000000d5880000)
 ParOldGen       total 191488K, used 191289K [0x0000000080000000, 0x000000008bb00000, 0x00000000d5580000)
  object space 191488K, 99% used [0x0000000080000000,0x000000008bace688,0x000000008bb00000)
 Metaspace       used 63331K, committed 64704K, reserved 1114112K
  class space    used 6948K, committed 7552K, reserved 1048576K
}
Event: 19.196 GC heap after
{Heap after GC invocations=168 (full 3):
 PSYoungGen      total 3072K, used 574K [0x00000000d5580000, 0x00000000d5980000, 0x0000000100000000)
  eden space 2048K, 0% used [0x00000000d5580000,0x00000000d5580000,0x00000000d5780000)
  from space 1024K, 56% used [0x00000000d5780000,0x00000000d580fa58,0x00000000d5880000)
  to   space 1024K, 0% used [0x00000000d5880000,0x00000000d5880000,0x00000000d5980000)
 ParOldGen       total 192000K, used 191725K [0x0000000080000000, 0x000000008bb80000, 0x00000000d5580000)
  object space 192000K, 99% used [0x0000000080000000,0x000000008bb3b6e0,0x000000008bb80000)
 Metaspace       used 63331K, committed 64704K, reserved 1114112K
  class space    used 6948K, committed 7552K, reserved 1048576K
}
Event: 19.206 GC heap before
{Heap before GC invocations=169 (full 3):
 PSYoungGen      total 3072K, used 2622K [0x00000000d5580000, 0x00000000d5980000, 0x0000000100000000)
  eden space 2048K, 100% used [0x00000000d5580000,0x00000000d5780000,0x00000000d5780000)
  from space 1024K, 56% used [0x00000000d5780000,0x00000000d580fa58,0x00000000d5880000)
  to   space 1024K, 0% used [0x00000000d5880000,0x00000000d5880000,0x00000000d5980000)
 ParOldGen       total 192000K, used 191725K [0x0000000080000000, 0x000000008bb80000, 0x00000000d5580000)
  object space 192000K, 99% used [0x0000000080000000,0x000000008bb3b6e0,0x000000008bb80000)
 Metaspace       used 63367K, committed 64768K, reserved 1114112K
  class space    used 6953K, committed 7552K, reserved 1048576K
}
Event: 19.208 GC heap after
{Heap after GC invocations=169 (full 3):
 PSYoungGen      total 3072K, used 640K [0x00000000d5580000, 0x00000000d5980000, 0x0000000100000000)
  eden space 2048K, 0% used [0x00000000d5580000,0x00000000d5580000,0x00000000d5780000)
  from space 1024K, 62% used [0x00000000d5880000,0x00000000d59203f0,0x00000000d5980000)
  to   space 1024K, 0% used [0x00000000d5780000,0x00000000d5780000,0x00000000d5880000)
 ParOldGen       total 192512K, used 192214K [0x0000000080000000, 0x000000008bc00000, 0x00000000d5580000)
  object space 192512K, 99% used [0x0000000080000000,0x000000008bbb5a58,0x000000008bc00000)
 Metaspace       used 63367K, committed 64768K, reserved 1114112K
  class space    used 6953K, committed 7552K, reserved 1048576K
}

